Added Component: Designator=P2(HDR1X4)
Add component (AddParameter): Name = "LatestRevisionDate"; Value = "17-Jul-2002"; VariantName = "[No Variations]"
Add component (AddParameter): Name = "LatestRevisionNote"; Value = "Re-released for DXP Platform."; VariantName = "[No Variations]"
Add component (AddParameter): Name = "Publisher"; Value = "Altium Limited"; VariantName = "[No Variations]"
Added Component: Designator=P3(HDR1X10)
Add component (AddParameter): Name = "LatestRevisionDate"; Value = "17-Jul-2002"; VariantName = "[No Variations]"
Add component (AddParameter): Name = "LatestRevisionNote"; Value = "Re-released for DXP Platform."; VariantName = "[No Variations]"
Add component (AddParameter): Name = "Publisher"; Value = "Altium Limited"; VariantName = "[No Variations]"
Added Component: Designator=P4(HDR1X2)
Add component (AddParameter): Name = "LatestRevisionDate"; Value = "17-Jul-2002"; VariantName = "[No Variations]"
Add component (AddParameter): Name = "LatestRevisionNote"; Value = "Re-released for DXP Platform."; VariantName = "[No Variations]"
Add component (AddParameter): Name = "Publisher"; Value = "Altium Limited"; VariantName = "[No Variations]"
Added Pin To Net: NetName=Telem_5V Pin=P2-1
Added Pin To Net: NetName=Sonar_RX Pin=P2-2
Added Pin To Net: NetName=Sonar_TX Pin=P2-3
Added Pin To Net: NetName=GND Pin=P2-4
Added Pin To Net: NetName=Switch_Modem Pin=P3-1
Added Pin To Net: NetName=Switch_Pi Pin=P3-2
Added Pin To Net: NetName=Switch_FC Pin=P3-3
Added Pin To Net: NetName=Telem_5V Pin=P3-4
Added Pin To Net: NetName=4G_5V Pin=P3-5
Added Pin To Net: NetName=Pi_5V Pin=P3-6
Added Pin To Net: NetName=FC_5V Pin=P3-7
Added Pin To Net: NetName=I_sense Pin=P3-8
Added Pin To Net: NetName=V_sense Pin=P3-9
Added Pin To Net: NetName=Sonar_TX Pin=P3-10
Added Pin To Net: NetName=GND Pin=P4-1
Added Pin To Net: NetName=GND Pin=P4-2
Added Member To Class: ClassName=P4P_PCB Member=Component J3 USB1061-XX-X-X_REVA
Added Member To Class: ClassName=P4P_PCB Member=Component P2 Header 4
Added Member To Class: ClassName=P4P_PCB Member=Component P3 Header 10
Added Member To Class: ClassName=P4P_PCB Member=Component P4 Header 2
