Removed Pin From Net: NetName=Battery_ADC Pin=ESP-J2-3
Removed Pin From Net: NetName=ESP_ADC Pin=ESP-J2-4
Removed Pin From Net: NetName=Pi_ADC Pin=ESP-J2-5
Added Pin To Net: NetName=Pi_ADC Pin=ESP-J2-3
Added Pin To Net: NetName=Battery_ADC Pin=ESP-J2-4
Added Pin To Net: NetName=ESP_ADC Pin=ESP-J2-5
Add Class Member: Failed to add class member : Component 4G_D 150040SS73220
Add Class Member: Failed to add class member : Component 4G_sense
Add Class Member: Failed to add class member : Component 4G_short
Added Member To Class: ClassName=P4P_PCB Member=Component 4G_S Header 8
Add Class Member: Failed to add class member : Component Balance1 Header 5
Add Class Member: Failed to add class member : Component Balance2 Header 5
Add Class Member: Failed to add class member : Component ESP_sense
Add Class Member: Failed to add class member : Component ESP_short
Added Member To Class: ClassName=P4P_PCB Member=Component ESP_S Header 8
Add Class Member: Failed to add class member : Component ESP_T BM06B-GHS-TBT(LF)(SN)(N)
Added Member To Class: ClassName=P4P_PCB Member=Component ESP ESP32-DEVKITC-32D
Add Class Member: Failed to add class member : Component FC_D 150040SS73220
Add Class Member: Failed to add class member : Component FC_Power BM06B-GHS-TBT(LF)(SN)(N)
Add Class Member: Failed to add class member : Component FC_sense
Add Class Member: Failed to add class member : Component FC_short
Added Member To Class: ClassName=P4P_PCB Member=Component FC_S Header 8
Add Class Member: Failed to add class member : Component FC_Switch G3VM-61VY3
Add Class Member: Failed to add class member : Component Ground Header 2
Add Class Member: Failed to add class member : Component Modem_Power USB1061-XX-X-X_REVA
Add Class Member: Failed to add class member : Component Modem_Switch G3VM-61VY3
Add Class Member: Failed to add class member : Component Motor1_ESP
Add Class Member: Failed to add class member : Component Motor1_FC
Add Class Member: Failed to add class member : Component Motor1OUT Header 2
Add Class Member: Failed to add class member : Component Motor2_ESP
Add Class Member: Failed to add class member : Component Motor2_FC
Add Class Member: Failed to add class member : Component Motor2OUT Header 2
Add Class Member: Failed to add class member : Component Nano_T BM06B-GHS-TBT(LF)(SN)(N)
Added Member To Class: ClassName=P4P_PCB Member=Component Nano ARDUINO_NANO
Add Class Member: Failed to add class member : Component Pi_sense
Add Class Member: Failed to add class member : Component Pi_short
Add Class Member: Failed to add class member : Component Pi_Switch G3VM-61VY3
Add Class Member: Failed to add class member : Component Pi_T BM06B-GHS-TBT(LF)(SN)(N)
Add Class Member: Failed to add class member : Component RPI_D 150040SS73220
Add Class Member: Failed to add class member : Component Telem_D 150040SS73220
