Removed Pin From Net: NetName=4G_ADC Pin=OP1-1
Removed Pin From Net: NetName=GND Pin=OP1-2
Removed Pin From Net: NetName=5V Pin=OP1-5
Removed Pin From Net: NetName=Pi_ADC Pin=OP2-1
Removed Pin From Net: NetName=GND Pin=OP2-2
Removed Pin From Net: NetName=5V Pin=OP2-5
Removed Pin From Net: NetName=FC_ADC Pin=OP3-1
Removed Pin From Net: NetName=GND Pin=OP3-2
Removed Pin From Net: NetName=5V Pin=OP3-5
Removed Pin From Net: NetName=ESP_ADC Pin=OP4-1
Removed Pin From Net: NetName=GND Pin=OP4-2
Removed Pin From Net: NetName=5V Pin=OP4-5
Removed Pin From Net: NetName=4G_sense Pin=R10-1
Removed Pin From Net: NetName=4G_5V Pin=R10-2
Removed Pin From Net: NetName=4G_sense Pin=R11-2
Removed Pin From Net: NetName=4G_5V Pin=R12-2
Removed Pin From Net: NetName=4G_ADC Pin=R13-1
Removed Pin From Net: NetName=GND Pin=R14-1
Removed Pin From Net: NetName=Pi_sense Pin=R15-1
Removed Pin From Net: NetName=Pi_5V Pin=R15-2
Removed Pin From Net: NetName=Pi_sense Pin=R16-2
Removed Pin From Net: NetName=Pi_5V Pin=R17-2
Removed Pin From Net: NetName=Pi_ADC Pin=R18-1
Removed Pin From Net: NetName=GND Pin=R19-1
Removed Pin From Net: NetName=FC_sense Pin=R20-1
Removed Pin From Net: NetName=FC_5V Pin=R20-2
Removed Pin From Net: NetName=FC_sense Pin=R21-2
Removed Pin From Net: NetName=FC_5V Pin=R22-2
Removed Pin From Net: NetName=FC_ADC Pin=R23-1
Removed Pin From Net: NetName=GND Pin=R24-1
Removed Pin From Net: NetName=ESP_sense Pin=R25-1
Removed Pin From Net: NetName=ESP_5V Pin=R25-2
Removed Pin From Net: NetName=ESP_sense Pin=R26-2
Removed Pin From Net: NetName=ESP_5V Pin=R27-2
Removed Pin From Net: NetName=ESP_ADC Pin=R28-1
Removed Pin From Net: NetName=GND Pin=R29-1
Removed Member From Class: ClassName=P4P_PCB Member=OP1
Removed Member From Class: ClassName=P4P_PCB Member=OP2
Removed Member From Class: ClassName=P4P_PCB Member=OP3
Removed Member From Class: ClassName=P4P_PCB Member=OP4
Removed Member From Class: ClassName=P4P_PCB Member=R10
Removed Member From Class: ClassName=P4P_PCB Member=R11
Removed Member From Class: ClassName=P4P_PCB Member=R12
Removed Member From Class: ClassName=P4P_PCB Member=R13
Removed Member From Class: ClassName=P4P_PCB Member=R14
Removed Member From Class: ClassName=P4P_PCB Member=R15
Removed Member From Class: ClassName=P4P_PCB Member=R16
Removed Member From Class: ClassName=P4P_PCB Member=R17
Removed Member From Class: ClassName=P4P_PCB Member=R18
Removed Member From Class: ClassName=P4P_PCB Member=R19
Removed Member From Class: ClassName=P4P_PCB Member=R20
Removed Member From Class: ClassName=P4P_PCB Member=R21
Removed Member From Class: ClassName=P4P_PCB Member=R22
Removed Member From Class: ClassName=P4P_PCB Member=R23
Removed Member From Class: ClassName=P4P_PCB Member=R24
Removed Member From Class: ClassName=P4P_PCB Member=R25
Removed Member From Class: ClassName=P4P_PCB Member=R26
Removed Member From Class: ClassName=P4P_PCB Member=R27
Removed Member From Class: ClassName=P4P_PCB Member=R28
Removed Member From Class: ClassName=P4P_PCB Member=R29
Change Component Description : Designator=OP Old Description=Microchip Op Amp, 1MHz CMOS, Rail to Rail, 3 V, 5 V, 5-Pin SOT-23 New Description=Microchip Op Amp, 1MHz CMOS, Rail to Rail, 3 V, 5 V, 5-Pin SOT-23 | Microchip Technology Inc. MCP6001T-I/OT
Change Component Description : Designator=R1 Old Description=Resistor, AS 0805 0R Jumper 125mW, AEC-Q, Anti-Sulfur New Description=Resistor, AS 0805 0R Jumper 125mW, AEC-Q, Anti-Sulfur | Bourns CR0805AJ/-000EAS
Change Component Description : Designator=R2 Old Description=Resistor, AS 0805 0R Jumper 125mW, AEC-Q, Anti-Sulfur New Description=Resistor, AS 0805 0R Jumper 125mW, AEC-Q, Anti-Sulfur | Bourns CR0805AJ/-000EAS
Change Component Description : Designator=R3 Old Description=Resistor, AS 0805 0R Jumper 125mW, AEC-Q, Anti-Sulfur New Description=Resistor, AS 0805 0R Jumper 125mW, AEC-Q, Anti-Sulfur | Bourns CR0805AJ/-000EAS
Change Component Description : Designator=R4 Old Description=Resistor, AS 0805 0R Jumper 125mW, AEC-Q, Anti-Sulfur New Description=Resistor, AS 0805 0R Jumper 125mW, AEC-Q, Anti-Sulfur | Bourns CR0805AJ/-000EAS
Change Component Description : Designator=R5 Old Description=Resistor, AS 0805 0R Jumper 125mW, AEC-Q, Anti-Sulfur New Description=Resistor, AS 0805 0R Jumper 125mW, AEC-Q, Anti-Sulfur | Bourns CR0805AJ/-000EAS
Change Component Description : Designator=R6 Old Description=Resistor, AS 0805 0R Jumper 125mW, AEC-Q, Anti-Sulfur New Description=Resistor, AS 0805 0R Jumper 125mW, AEC-Q, Anti-Sulfur | Bourns CR0805AJ/-000EAS
Change Component Description : Designator=R7 Old Description=Resistor, AS 0805 0R Jumper 125mW, AEC-Q, Anti-Sulfur New Description=Resistor, AS 0805 0R Jumper 125mW, AEC-Q, Anti-Sulfur | Bourns CR0805AJ/-000EAS
Change Component Description : Designator=R8 Old Description=Resistor, AS 0805 0R Jumper 125mW, AEC-Q, Anti-Sulfur New Description=Resistor, AS 0805 0R Jumper 125mW, AEC-Q, Anti-Sulfur | Bourns CR0805AJ/-000EAS
Change Component Description : Designator=R9 Old Description=Resistor, AS 0805 0R Jumper 125mW, AEC-Q, Anti-Sulfur New Description=Resistor, AS 0805 0R Jumper 125mW, AEC-Q, Anti-Sulfur | Bourns CR0805AJ/-000EAS
Added Component: Designator=4G_S(HDR1X6)
Add component (AddParameter): Name = "LatestRevisionDate"; Value = "17-Jul-2002"; VariantName = "[No Variations]"
Add component (AddParameter): Name = "LatestRevisionNote"; Value = "Re-released for DXP Platform."; VariantName = "[No Variations]"
Add component (AddParameter): Name = "Publisher"; Value = "Altium Limited"; VariantName = "[No Variations]"
Added Component: Designator=ESP_S(HDR1X6)
Add component (AddParameter): Name = "LatestRevisionDate"; Value = "17-Jul-2002"; VariantName = "[No Variations]"
Add component (AddParameter): Name = "LatestRevisionNote"; Value = "Re-released for DXP Platform."; VariantName = "[No Variations]"
Add component (AddParameter): Name = "Publisher"; Value = "Altium Limited"; VariantName = "[No Variations]"
Added Component: Designator=FC_S(HDR1X6)
Add component (AddParameter): Name = "LatestRevisionDate"; Value = "17-Jul-2002"; VariantName = "[No Variations]"
Add component (AddParameter): Name = "LatestRevisionNote"; Value = "Re-released for DXP Platform."; VariantName = "[No Variations]"
Add component (AddParameter): Name = "Publisher"; Value = "Altium Limited"; VariantName = "[No Variations]"
Added Component: Designator=RPI_S(HDR1X6)
Add component (AddParameter): Name = "LatestRevisionDate"; Value = "17-Jul-2002"; VariantName = "[No Variations]"
Add component (AddParameter): Name = "LatestRevisionNote"; Value = "Re-released for DXP Platform."; VariantName = "[No Variations]"
Add component (AddParameter): Name = "Publisher"; Value = "Altium Limited"; VariantName = "[No Variations]"
Added Pin To Net: NetName=4G_5V Pin=4G_S-1
Added Pin To Net: NetName=GND Pin=4G_S-2
Added Pin To Net: NetName=4G_ADC Pin=4G_S-3
Added Pin To Net: NetName=4G_sense Pin=4G_S-6
Added Pin To Net: NetName=ESP_5V Pin=ESP_S-1
Added Pin To Net: NetName=GND Pin=ESP_S-2
Added Pin To Net: NetName=ESP_ADC Pin=ESP_S-3
Added Pin To Net: NetName=ESP_sense Pin=ESP_S-6
Added Pin To Net: NetName=FC_5V Pin=FC_S-1
Added Pin To Net: NetName=GND Pin=FC_S-2
Added Pin To Net: NetName=FC_ADC Pin=FC_S-3
Added Pin To Net: NetName=FC_sense Pin=FC_S-6
Added Pin To Net: NetName=Pi_5V Pin=RPI_S-1
Added Pin To Net: NetName=GND Pin=RPI_S-2
Added Pin To Net: NetName=Pi_ADC Pin=RPI_S-3
Added Pin To Net: NetName=Pi_sense Pin=RPI_S-6
Add Class Member: Failed to add class member : Component 4G_sense
Add Class Member: Failed to add class member : Component Balance1 Header 5
Add Class Member: Failed to add class member : Component Balance2 Header 5
Add Class Member: Failed to add class member : Component ESP_sense
Add Class Member: Failed to add class member : Component ESP_T BM06B-GHS-TBT(LF)(SN)(N)
Add Class Member: Failed to add class member : Component FC_sense
Add Class Member: Failed to add class member : Component Nano_T BM06B-GHS-TBT(LF)(SN)(N)
Added Member To Class: ClassName=P4P_PCB Member=Component RPI_S Header 6
