Change Component Designator: OldDesignator=D4 NewDesignator=Telem
Change Component Designator: OldDesignator=D5 NewDesignator=4G
Change Component Designator: OldDesignator=D6 NewDesignator=Pi
Change Component Designator: OldDesignator=D7 NewDesignator=FC
Change Component Designator: OldDesignator=J1 NewDesignator=Power1
Change Component Designator: OldDesignator=J2 NewDesignator=FC_Power
Change Component Designator: OldDesignator=J3 NewDesignator=Modem_Power
Change Component Designator: OldDesignator=J4 NewDesignator=ESP
Change Component Designator: OldDesignator=J5 NewDesignator=Pi
Change Component Designator: OldDesignator=J6 NewDesignator=Nano
Change Component Designator: OldDesignator=K1 NewDesignator=Modem_Switch
Change Component Designator: OldDesignator=K2 NewDesignator=Pi_Switch
Change Component Designator: OldDesignator=K3 NewDesignator=FC_Switch
Change Component Designator: OldDesignator=P2 NewDesignator=Sonar
Change Component Designator: OldDesignator=P3 NewDesignator=Debug
Change Component Designator: OldDesignator=P4 NewDesignator=Ground
Change Component Designator: OldDesignator=P5 NewDesignator=4G_sense
Change Component Designator: OldDesignator=P6 NewDesignator=Pi_sense
Change Component Designator: OldDesignator=P7 NewDesignator=FC_sense
Change Component Designator: OldDesignator=P8 NewDesignator=ESP_sense
Change Component Designator: OldDesignator=U1 NewDesignator=RPI
Change Component Designator: OldDesignator=U2 NewDesignator=Nano
Change Component Designator: OldDesignator=U3 NewDesignator=ESP
Change Net Name : Old Net Name=NetD4_2 New Net Name=NetR7_1
Change Net Name : Old Net Name=NetD5_2 New Net Name=Net4G_2
Change Net Name : Old Net Name=NetD6_2 New Net Name=NetPi_2
Change Net Name : Old Net Name=NetD7_2 New Net Name=NetFC_2
Added Member To Class: ClassName=P4P_PCB Member=Component ESP BM06B-GHS-TBT(LF)(SN)(N)
Added Member To Class: ClassName=P4P_PCB Member=Component Modem_Power USB1061-XX-X-X_REVA
Added Member To Class: ClassName=P4P_PCB Member=Component Pi BM06B-GHS-TBT(LF)(SN)(N)
