Removed Pin From Net: NetName=Motor1_ESP Pin=ESP-J2-7
Removed Pin From Net: NetName=Motor2_ESP Pin=ESP-J2-8
Removed Pin From Net: NetName=4G_ADC Pin=ESP-J3-13
Removed Pin From Net: NetName=Pi_ADC Pin=ESP-J3-14
Removed Pin From Net: NetName=FC_ADC Pin=ESP-J3-15
Removed Pin From Net: NetName=ESP_ADC Pin=ESP-J3-16
Change Component Description : Designator=OP Old Description=Microchip Op Amp, 1MHz CMOS, Rail to Rail, 3 V, 5 V, 5-Pin SOT-23 New Description=Microchip Op Amp, 1MHz CMOS, Rail to Rail, 3 V, 5 V, 5-Pin SOT-23 | Microchip Technology Inc. MCP6001T-I/OT
Change Component Description : Designator=R1 Old Description=Resistor, AS 0805 0R Jumper 125mW, AEC-Q, Anti-Sulfur New Description=Resistor, AS 0805 0R Jumper 125mW, AEC-Q, Anti-Sulfur | Bourns CR0805AJ/-000EAS
Change Component Description : Designator=R2 Old Description=Resistor, AS 0805 0R Jumper 125mW, AEC-Q, Anti-Sulfur New Description=Resistor, AS 0805 0R Jumper 125mW, AEC-Q, Anti-Sulfur | Bourns CR0805AJ/-000EAS
Change Component Description : Designator=R3 Old Description=Resistor, AS 0805 0R Jumper 125mW, AEC-Q, Anti-Sulfur New Description=Resistor, AS 0805 0R Jumper 125mW, AEC-Q, Anti-Sulfur | Bourns CR0805AJ/-000EAS
Change Component Description : Designator=R4 Old Description=Resistor, AS 0805 0R Jumper 125mW, AEC-Q, Anti-Sulfur New Description=Resistor, AS 0805 0R Jumper 125mW, AEC-Q, Anti-Sulfur | Bourns CR0805AJ/-000EAS
Change Component Description : Designator=R5 Old Description=Resistor, AS 0805 0R Jumper 125mW, AEC-Q, Anti-Sulfur New Description=Resistor, AS 0805 0R Jumper 125mW, AEC-Q, Anti-Sulfur | Bourns CR0805AJ/-000EAS
Change Component Description : Designator=R6 Old Description=Resistor, AS 0805 0R Jumper 125mW, AEC-Q, Anti-Sulfur New Description=Resistor, AS 0805 0R Jumper 125mW, AEC-Q, Anti-Sulfur | Bourns CR0805AJ/-000EAS
Change Component Description : Designator=R7 Old Description=Resistor, AS 0805 0R Jumper 125mW, AEC-Q, Anti-Sulfur New Description=Resistor, AS 0805 0R Jumper 125mW, AEC-Q, Anti-Sulfur | Bourns CR0805AJ/-000EAS
Change Component Description : Designator=R8 Old Description=Resistor, AS 0805 0R Jumper 125mW, AEC-Q, Anti-Sulfur New Description=Resistor, AS 0805 0R Jumper 125mW, AEC-Q, Anti-Sulfur | Bourns CR0805AJ/-000EAS
Change Component Description : Designator=R9 Old Description=Resistor, AS 0805 0R Jumper 125mW, AEC-Q, Anti-Sulfur New Description=Resistor, AS 0805 0R Jumper 125mW, AEC-Q, Anti-Sulfur | Bourns CR0805AJ/-000EAS
Added Pin To Net: NetName=4G_ADC Pin=ESP-J2-3
Added Pin To Net: NetName=Pi_ADC Pin=ESP-J2-4
Added Pin To Net: NetName=FC_ADC Pin=ESP-J2-5
Added Pin To Net: NetName=ESP_ADC Pin=ESP-J2-6
Added Pin To Net: NetName=Battery_ADC Pin=ESP-J2-7
Added Pin To Net: NetName=Motor1_ESP Pin=ESP-J3-11
Added Pin To Net: NetName=Motor2_ESP Pin=ESP-J3-12
Added Member To Class: ClassName=P4P_PCB Member=Component 4G_D 150040SS73220
Added Member To Class: ClassName=P4P_PCB Member=Component FC_D 150040SS73220
Added Member To Class: ClassName=P4P_PCB Member=Component Telem_D 150040SS73220
